{"tours": [{"failing_test": {"className": " com.google.javascript.jscomp.IntegrationTest", "methodName": "testIncompleteFunction", "error": "java.lang.RuntimeException", "message": "java.lang.RuntimeException: INTERNAL COMPILER ERROR."}, "patched_method": {"file_path": "/src/com/google/javascript/jscomp/parsing/IRFactory.java", "method_name": "processFunctionNode", "content": "    Node processFunctionNode(FunctionNode functionNode) {\n      Name name = functionNode.getFunctionName();\n      Boolean isUnnamedFunction = false;\n      if (name == null) {\n        int functionType = functionNode.getFunctionType();\n        if (functionType != FunctionNode.FUNCTION_EXPRESSION) {\n          errorReporter.error(\n            \"unnamed function statement\",\n            sourceName,\n            functionNode.getLineno(), \"\", 0);\n\n          // Return the bare minimum to put the AST in a valid state.\n          return newNode(Token.EXPR_RESULT, Node.newNumber(0));\n        }\n        name = new Name();\n        name.setIdentifier(\"\");\n        isUnnamedFunction = true;\n      }\n      Node node = newNode(Token.FUNCTION);\n      Node newName = transform(name);\n      if (isUnnamedFunction) {\n        // Old Rhino tagged the empty name node with the line number of the\n        // declaration.\n        newName.setLineno(functionNode.getLineno());\n        // TODO(bowdidge) Mark line number of paren correctly.\n        // Same problem as below - the left paren might not be on the\n        // same line as the function keyword.\n        int lpColumn = functionNode.getAbsolutePosition() +\n            functionNode.getLp();\n        newName.setCharno(position2charno(lpColumn));\n        maybeSetLengthFrom(newName, name);\n      }\n\n      node.addChildToBack(newName);\n      Node lp = newNode(Token.PARAM_LIST);\n      // The left paren's complicated because it's not represented by an\n      // AstNode, so there's nothing that has the actual line number that it\n      // appeared on.  We know the paren has to appear on the same line as the\n      // function name (or else a semicolon will be inserted.)  If there's no\n      // function name, assume the paren was on the same line as the function.\n      // TODO(bowdidge): Mark line number of paren correctly.\n      Name fnName = functionNode.getFunctionName();\n      if (fnName != null) {\n        lp.setLineno(fnName.getLineno());\n      } else {\n        lp.setLineno(functionNode.getLineno());\n      }\n      int lparenCharno = functionNode.getLp() +\n          functionNode.getAbsolutePosition();\n\n      lp.setCharno(position2charno(lparenCharno));\n      for (AstNode param : functionNode.getParams()) {\n        lp.addChildToBack(transform(param));\n      }\n      node.addChildToBack(lp);\n\n      Node bodyNode = transform(functionNode.getBody());\n        // When in ideMode Rhino tries to parse some constructs the compiler\n        // doesn't support, repair it here. see Rhino's\n        // Parser#parseFunctionBodyExpr.\n      parseDirectives(bodyNode);\n      node.addChildToBack(bodyNode);\n     return node;\n    }", "javadoc_start_line": 610, "annotations_start_line": 609, "method_start_line": 610, "end_line": 673}, "steps": [], "generation_failure": {"error": "Failed to generate stacktrace", "error_message": "[Errno 2] No such file or directory: './projects/Closure/37/results/stacktrace-testIncompleteFunction-processFunctionNode.csv'"}}, {"failing_test": {"className": " com.google.javascript.jscomp.IntegrationTest", "methodName": "testIncompleteFunction", "error": "java.lang.RuntimeException", "message": "java.lang.RuntimeException: INTERNAL COMPILER ERROR."}, "patched_method": {"file_path": "/lib/rhino/src/org/mozilla/javascript/IRFactory.java", "method_name": "transformLetNode", "content": "    private Node transformLetNode(LetNode node) {\n        pushScope(node);\n        try {\n            decompiler.addToken(Token.LET);\n            decompiler.addToken(Token.LP);\n            Node vars = transformVariableInitializers(node.getVariables());\n            decompiler.addToken(Token.RP);\n            node.addChildToBack(vars);\n            boolean letExpr = node.getType() == Token.LETEXPR;\n            if (node.getBody() != null) {\n                if (letExpr) {\n                    decompiler.addName(\" \");\n                } else {\n                    decompiler.addEOL(Token.LC);\n                }\n                node.addChildToBack(transform(node.getBody()));\n                if (!letExpr) {\n                    decompiler.addEOL(Token.RC);\n                }\n            }\n            return node;\n        } finally {\n            popScope();\n        }\n    }", "javadoc_start_line": 652, "annotations_start_line": 652, "method_start_line": 652, "end_line": 676}, "steps": [], "generation_failure": {"error": "Failed to generate stacktrace", "error_message": "Command failed: defects4j test -w ./projects/Closure/37\nRunning ant (compile.tests)................................................ FAIL\nExecuted command:  cd /home/balfroim/Documents/Shomidacode/script/projects/Closure/37 && /home/balfroim/Documents/Defect4J/defects4j/major/bin/ant -f /home/balfroim/Documents/Defect4J/defects4j/framework/projects/defects4j.build.xml -Dd4j.home=/home/balfroim/Documents/Defect4J/defects4j -Dd4j.dir.projects=/home/balfroim/Documents/Defect4J/defects4j/framework/projects -Dbasedir=/home/balfroim/Documents/Shomidacode/script/projects/Closure/37 -Dbuild.compiler=javac1.7  compile.tests 2>&1\nOpenJDK 64-Bit Server VM warning: ignoring option MaxPermSize=1G; support was removed in 8.0\nBuildfile: /home/balfroim/Documents/Defect4J/defects4j/framework/projects/defects4j.build.xml\n\nrhino:\n\nproperties:\n\ninit:\n\ncompile:\n\ncompile-most:\n    [javac] Compiling 2 source files to /home/balfroim/Documents/Shomidacode/script/projects/Closure/37/build/lib/classes\n    [javac] warning: [options] bootstrap class path not set in conjunction with -source 1.5\n    [javac] warning: /home/balfroim/.sdkman/candidates/java/8.0.362-amzn/lib/ct.sym(META-INF/sym/rt.jar/java/util/List.class): major version 52 is newer than 51, the highest major version supported by this compiler.\n    [javac]   It is recommended that the compiler be upgraded.\n    [javac] warning: /home/balfroim/.sdkman/candidates/java/8.0.362-amzn/lib/ct.sym(META-INF/sym/rt.jar/java/util/ArrayList.class): major version 52 is newer than 51, the highest major version supported by this compiler.\n    [javac]   It is recommended that the compiler be upgraded.\n    [javac] warning: /home/balfroim/.sdkman/candidates/java/8.0.362-amzn/lib/ct.sym(META-INF/sym/rt.jar/java/lang/Object.class): major version 52 is newer than 51, the highest major version supported by this compiler.\n    [javac]   It is recommended that the compiler be upgraded.\n    [javac] warning: /home/balfroim/.sdkman/candidates/java/8.0.362-amzn/lib/ct.sym(META-INF/sym/rt.jar/java/lang/String.class): major version 52 is newer than 51, the highest major version supported by this compiler.\n    [javac]   It is recommended that the compiler be upgraded.\n    [javac] warning: /home/balfroim/.sdkman/candidates/java/8.0.362-amzn/lib/ct.sym(META-INF/sym/rt.jar/java/io/BufferedWriter.class): major version 52 is newer than 51, the highest major version supported by this compiler.\n    [javac]   It is recommended that the compiler be upgraded.\n    [javac] warning: /home/balfroim/.sdkman/candidates/java/8.0.362-amzn/lib/ct.sym(META-INF/sym/rt.jar/java/io/IOException.class): major version 52 is newer than 51, the highest major version supported by this compiler.\n    [javac]   It is recommended that the compiler be upgraded.\n    [javac] warning: /home/balfroim/.sdkman/candidates/java/8.0.362-amzn/lib/ct.sym(META-INF/sym/rt.jar/java/io/PrintWriter.class): major version 52 is newer than 51, the highest major version supported by this compiler.\n    [javac]   It is recommended that the compiler be upgraded.\n    [javac] warning: /home/balfroim/.sdkman/candidates/java/8.0.362-amzn/lib/ct.sym(META-INF/sym/rt.jar/java/util/regex/Matcher.class): major version 52 is newer than 51, the highest major version supported by this compiler.\n    [javac]   It is recommended that the compiler be upgraded.\n    [javac] warning: /home/balfroim/.sdkman/candidates/java/8.0.362-amzn/lib/ct.sym(META-INF/sym/rt.jar/java/util/regex/Pattern.class): major version 52 is newer than 51, the highest major version supported by this compiler.\n    [javac]   It is recommended that the compiler be upgraded.\n    [javac] warning: /home/balfroim/.sdkman/candidates/java/8.0.362-amzn/lib/ct.sym(META-INF/sym/rt.jar/java/lang/StackTraceElement.class): major version 52 is newer than 51, the highest major version supported by this compiler.\n    [javac]   It is recommended that the compiler be upgraded.\n    [javac] /home/balfroim/.sdkman/candidates/java/8.0.362-amzn/lib/ct.sym(META-INF/sym/rt.jar/java/util/List.class): warning: Cannot find annotation method 'value()' in type 'Profile+Annotation': class file for jdk.Profile+Annotation not found\n    [javac] /home/balfroim/.sdkman/candidates/java/8.0.362-amzn/lib/ct.sym(META-INF/sym/rt.jar/java/util/ArrayList.class): warning: Cannot find annotation method 'value()' in type 'Profile+Annotation'\n    [javac] /home/balfroim/.sdkman/candidates/java/8.0.362-amzn/lib/ct.sym(META-INF/sym/rt.jar/java/lang/Object.class): warning: Cannot find annotation method 'value()' in type 'Profile+Annotation'\n    [javac] /home/balfroim/.sdkman/candidates/java/8.0.362-amzn/lib/ct.sym(META-INF/sym/rt.jar/java/lang/String.class): warning: Cannot find annotation method 'value()' in type 'Profile+Annotation'\n    [javac] /home/balfroim/.sdkman/candidates/java/8.0.362-amzn/lib/ct.sym(META-INF/sym/rt.jar/java/io/BufferedWriter.class): warning: Cannot find annotation method 'value()' in type 'Profile+Annotation'\n    [javac] /home/balfroim/.sdkman/candidates/java/8.0.362-amzn/lib/ct.sym(META-INF/sym/rt.jar/java/io/IOException.class): warning: Cannot find annotation method 'value()' in type 'Profile+Annotation'\n    [javac] /home/balfroim/.sdkman/candidates/java/8.0.362-amzn/lib/ct.sym(META-INF/sym/rt.jar/java/io/PrintWriter.class): warning: Cannot find annotation method 'value()' in type 'Profile+Annotation'\n    [javac] /home/balfroim/.sdkman/candidates/java/8.0.362-amzn/lib/ct.sym(META-INF/sym/rt.jar/java/util/regex/Matcher.class): warning: Cannot find annotation method 'value()' in type 'Profile+Annotation'\n    [javac] /home/balfroim/.sdkman/candidates/java/8.0.362-amzn/lib/ct.sym(META-INF/sym/rt.jar/java/util/regex/Pattern.class): warning: Cannot find annotation method 'value()' in type 'Profile+Annotation'\n    [javac] /home/balfroim/.sdkman/candidates/java/8.0.362-amzn/lib/ct.sym(META-INF/sym/rt.jar/java/lang/StackTraceElement.class): warning: Cannot find annotation method 'value()' in type 'Profile+Annotation'\n    [javac] warning: /home/balfroim/.sdkman/candidates/java/8.0.362-amzn/lib/ct.sym(META-INF/sym/rt.jar/java/lang/AutoCloseable.class): major version 52 is newer than 51, the highest major version supported by this compiler.\n    [javac]   It is recommended that the compiler be upgraded.\n    [javac] /home/balfroim/.sdkman/candidates/java/8.0.362-amzn/lib/ct.sym(META-INF/sym/rt.jar/java/lang/AutoCloseable.class): warning: Cannot find annotation method 'value()' in type 'Profile+Annotation'\n    [javac] warning: /home/balfroim/.sdkman/candidates/java/8.0.362-amzn/lib/ct.sym(META-INF/sym/rt.jar/java/lang/System.class): major version 52 is newer than 51, the highest major version supported by this compiler.\n    [javac]   It is recommended that the compiler be upgraded.\n    [javac] /home/balfroim/.sdkman/candidates/java/8.0.362-amzn/lib/ct.sym(META-INF/sym/rt.jar/java/lang/System.class): warning: Cannot find annotation method 'value()' in type 'Profile+Annotation'\n    [javac] warning: /home/balfroim/.sdkman/candidates/java/8.0.362-amzn/lib/ct.sym(META-INF/sym/rt.jar/java/io/PrintStream.class): major version 52 is newer than 51, the highest major version supported by this compiler.\n    [javac]   It is recommended that the compiler be upgraded.\n    [javac] /home/balfroim/.sdkman/candidates/java/8.0.362-amzn/lib/ct.sym(META-INF/sym/rt.jar/java/io/PrintStream.class): warning: Cannot find annotation method 'value()' in type 'Profile+Annotation'\n    [javac] warning: /home/balfroim/.sdkman/candidates/java/8.0.362-amzn/lib/ct.sym(META-INF/sym/rt.jar/java/io/FilterOutputStream.class): major version 52 is newer than 51, the highest major version supported by this compiler.\n    [javac]   It is recommended that the compiler be upgraded.\n    [javac] /home/balfroim/.sdkman/candidates/java/8.0.362-amzn/lib/ct.sym(META-INF/sym/rt.jar/java/io/FilterOutputStream.class): warning: Cannot find annotation method 'value()' in type 'Profile+Annotation'\n    [javac] warning: /home/balfroim/.sdkman/candidates/java/8.0.362-amzn/lib/ct.sym(META-INF/sym/rt.jar/java/io/OutputStream.class): major version 52 is newer than 51, the highest major version supported by this compiler.\n    [javac]   It is recommended that the compiler be upgraded.\n    [javac] /home/balfroim/.sdkman/candidates/java/8.0.362-amzn/lib/ct.sym(META-INF/sym/rt.jar/java/io/OutputStream.class): warning: Cannot find annotation method 'value()' in type 'Profile+Annotation'\n    [javac] warning: /home/balfroim/.sdkman/candidates/java/8.0.362-amzn/lib/ct.sym(META-INF/sym/rt.jar/java/lang/Comparable.class): major version 52 is newer than 51, the highest major version supported by this compiler.\n    [javac]   It is recommended that the compiler be upgraded.\n    [javac] /home/balfroim/.sdkman/candidates/java/8.0.362-amzn/lib/ct.sym(META-INF/sym/rt.jar/java/lang/Comparable.class): warning: Cannot find annotation method 'value()' in type 'Profile+Annotation'\n    [javac] warning: /home/balfroim/.sdkman/candidates/java/8.0.362-amzn/lib/ct.sym(META-INF/sym/rt.jar/java/lang/IllegalArgumentException.class): major version 52 is newer than 51, the highest major version supported by this compiler.\n    [javac]   It is recommended that the compiler be upgraded.\n    [javac] /home/balfroim/.sdkman/candidates/java/8.0.362-amzn/lib/ct.sym(META-INF/sym/rt.jar/java/lang/IllegalArgumentException.class): warning: Cannot find annotation method 'value()' in type 'Profile+Annotation'\n    [javac] warning: /home/balfroim/.sdkman/candidates/java/8.0.362-amzn/lib/ct.sym(META-INF/sym/rt.jar/java/lang/Throwable.class): major version 52 is newer than 51, the highest major version supported by this compiler.\n    [javac]   It is recommended that the compiler be upgraded.\n    [javac] /home/balfroim/.sdkman/candidates/java/8.0.362-amzn/lib/ct.sym(META-INF/sym/rt.jar/java/lang/Throwable.class): warning: Cannot find annotation method 'value()' in type 'Profile+Annotation'\n    [javac] warning: /home/balfroim/.sdkman/candidates/java/8.0.362-amzn/lib/ct.sym(META-INF/sym/rt.jar/java/lang/RuntimeException.class): major version 52 is newer than 51, the highest major version supported by this compiler.\n    [javac]   It is recommended that the compiler be upgraded.\n    [javac] /home/balfroim/.sdkman/candidates/java/8.0.362-amzn/lib/ct.sym(META-INF/sym/rt.jar/java/lang/RuntimeException.class): warning: Cannot find annotation method 'value()' in type 'Profile+Annotation'\n    [javac] warning: /home/balfroim/.sdkman/candidates/java/8.0.362-amzn/lib/ct.sym(META-INF/sym/rt.jar/java/lang/Exception.class): major version 52 is newer than 51, the highest major version supported by this compiler.\n    [javac]   It is recommended that the compiler be upgraded.\n    [javac] /home/balfroim/.sdkman/candidates/java/8.0.362-amzn/lib/ct.sym(META-INF/sym/rt.jar/java/lang/Exception.class): warning: Cannot find annotation method 'value()' in type 'Profile+Annotation'\n    [javac] warning: /home/balfroim/.sdkman/candidates/java/8.0.362-amzn/lib/ct.sym(META-INF/sym/rt.jar/java/util/Collection.class): major version 52 is newer than 51, the highest major version supported by this compiler.\n    [javac]   It is recommended that the compiler be upgraded.\n    [javac] /home/balfroim/.sdkman/candidates/java/8.0.362-amzn/lib/ct.sym(META-INF/sym/rt.jar/java/util/Collection.class): warning: Cannot find annotation method 'value()' in type 'Profile+Annotation'\n    [javac] warning: /home/balfroim/.sdkman/candidates/java/8.0.362-amzn/lib/ct.sym(META-INF/sym/rt.jar/java/lang/Iterable.class): major version 52 is newer than 51, the highest major version supported by this compiler.\n    [javac]   It is recommended that the compiler be upgraded.\n    [javac] /home/balfroim/.sdkman/candidates/java/8.0.362-amzn/lib/ct.sym(META-INF/sym/rt.jar/java/lang/Iterable.class): warning: Cannot find annotation method 'value()' in type 'Profile+Annotation'\n    [javac] warning: /home/balfroim/.sdkman/candidates/java/8.0.362-amzn/lib/ct.sym(META-INF/sym/rt.jar/java/lang/Integer.class): major version 52 is newer than 51, the highest major version supported by this compiler.\n    [javac]   It is recommended that the compiler be upgraded.\n    [javac] /home/balfroim/.sdkman/candidates/java/8.0.362-amzn/lib/ct.sym(META-INF/sym/rt.jar/java/lang/Integer.class): warning: Cannot find annotation method 'value()' in type 'Profile+Annotation'\n    [javac] warning: /home/balfroim/.sdkman/candidates/java/8.0.362-amzn/lib/ct.sym(META-INF/sym/rt.jar/java/lang/Number.class): major version 52 is newer than 51, the highest major version supported by this compiler.\n    [javac]   It is recommended that the compiler be upgraded.\n    [javac] /home/balfroim/.sdkman/candidates/java/8.0.362-amzn/lib/ct.sym(META-INF/sym/rt.jar/java/lang/Number.class): warning: Cannot find annotation method 'value()' in type 'Profile+Annotation'\n    [javac] warning: /home/balfroim/.sdkman/candidates/java/8.0.362-amzn/lib/ct.sym(META-INF/sym/rt.jar/java/util/AbstractList.class): major version 52 is newer than 51, the highest major version supported by this compiler.\n    [javac]   It is recommended that the compiler be upgraded.\n    [javac] /home/balfroim/.sdkman/candidates/java/8.0.362-amzn/lib/ct.sym(META-INF/sym/rt.jar/java/util/AbstractList.class): warning: Cannot find annotation method 'value()' in type 'Profile+Annotation'\n    [javac] warning: /home/balfroim/.sdkman/candidates/java/8.0.362-amzn/lib/ct.sym(META-INF/sym/rt.jar/java/util/AbstractCollection.class): major version 52 is newer than 51, the highest major version supported by this compiler.\n    [javac]   It is recommended that the compiler be upgraded.\n    [javac] /home/balfroim/.sdkman/candidates/java/8.0.362-amzn/lib/ct.sym(META-INF/sym/rt.jar/java/util/AbstractCollection.class): warning: Cannot find annotation method 'value()' in type 'Profile+Annotation'\n    [javac] warning: /home/balfroim/.sdkman/candidates/java/8.0.362-amzn/lib/ct.sym(META-INF/sym/rt.jar/java/lang/Byte.class): major version 52 is newer than 51, the highest major version supported by this compiler.\n    [javac]   It is recommended that the compiler be upgraded.\n    [javac] /home/balfroim/.sdkman/candidates/java/8.0.362-amzn/lib/ct.sym(META-INF/sym/rt.jar/java/lang/Byte.class): warning: Cannot find annotation method 'value()' in type 'Profile+Annotation'\n    [javac] warning: /home/balfroim/.sdkman/candidates/java/8.0.362-amzn/lib/ct.sym(META-INF/sym/rt.jar/java/lang/Character.class): major version 52 is newer than 51, the highest major version supported by this compiler.\n    [javac]   It is recommended that the compiler be upgraded.\n    [javac] /home/balfroim/.sdkman/candidates/java/8.0.362-amzn/lib/ct.sym(META-INF/sym/rt.jar/java/lang/Character.class): warning: Cannot find annotation method 'value()' in type 'Profile+Annotation'\n    [javac] warning: /home/balfroim/.sdkman/candidates/java/8.0.362-amzn/lib/ct.sym(META-INF/sym/rt.jar/java/lang/Short.class): major version 52 is newer than 51, the highest major version supported by this compiler.\n    [javac]   It is recommended that the compiler be upgraded.\n    [javac] /home/balfroim/.sdkman/candidates/java/8.0.362-amzn/lib/ct.sym(META-INF/sym/rt.jar/java/lang/Short.class): warning: Cannot find annotation method 'value()' in type 'Profile+Annotation'\n    [javac] /home/balfroim/Documents/Shomidacode/script/projects/Closure/37/lib/rhino/src/org/mozilla/javascript/StackTraceRecorder.java:15: error: duplicate class: lib.rhino.org.mozilla.javascript.StackTraceRecorder\n    [javac] public class StackTraceRecorder {\n    [javac]        ^\n    [javac] /home/balfroim/Documents/Shomidacode/script/projects/Closure/37/lib/rhino/src/org/mozilla/javascript/IRFactory.java:653: error: cannot access StackTraceRecorder\n    [javac] StackTraceRecorder recorder = new StackTraceRecorder(\"testIncompleteFunction\", \"transformLetNode\", \"./results/stacktrace-testIncompleteFunction-transformLetNode.csv\");\n    [javac] ^\n    [javac]   bad source file: /home/balfroim/Documents/Shomidacode/script/projects/Closure/37/lib/rhino/src/org/mozilla/javascript/StackTraceRecorder.java\n    [javac]     file does not contain class org.mozilla.javascript.StackTraceRecorder\n    [javac]     Please remove or make sure it appears in the correct subdirectory of the sourcepath.\n    [javac] 2 errors\n    [javac] 59 warnings\n\nBUILD FAILED\n/home/balfroim/Documents/Shomidacode/script/projects/Closure/37/build.xml:95: The following error occurred while executing this line:\n/home/balfroim/Documents/Shomidacode/script/projects/Closure/37/lib/rhino/build.xml:75: The following error occurred while executing this line:\n/home/balfroim/Documents/Shomidacode/script/projects/Closure/37/lib/rhino/src/build.xml:68: Compile failed; see the compiler error output for details.\n\nTotal time: 0 seconds\nCannot compile test suite! at /home/balfroim/Documents/Defect4J/defects4j/framework/bin/d4j/d4j-test line 134.\nCompilation failed in require at /home/balfroim/Documents/Defect4J/defects4j/framework/bin/defects4j line 195.\n\n"}}, {"failing_test": {"className": " com.google.javascript.jscomp.IntegrationTest", "methodName": "testIncompleteFunction", "error": "java.lang.RuntimeException", "message": "java.lang.RuntimeException: INTERNAL COMPILER ERROR."}, "patched_method": {"file_path": "/src/com/google/javascript/jscomp/NodeTraversal.java", "method_name": "traverseFunction", "content": "  /**\n   * Traverses a function.\n   */\n  private void traverseFunction(Node n, Node parent) {\n    Preconditions.checkState(n.getChildCount() == 3);\n    Preconditions.checkState(n.isFunction());\n\n    final Node fnName = n.getFirstChild();\n\n    boolean isFunctionExpression = (parent != null)\n        && NodeUtil.isFunctionExpression(n);\n\n    if (!isFunctionExpression) {\n      // Functions declarations are in the scope containing the declaration.\n      traverseBranch(fnName, n);\n    }\n\n    curNode = n;\n    pushScope(n);\n\n    if (isFunctionExpression) {\n      // Function expression names are only accessible within the function\n      // scope.\n      traverseBranch(fnName, n);\n    }\n\n    final Node args = fnName.getNext();\n    final Node body = args.getNext();\n\n    // Args\n    traverseBranch(args, n);\n\n    // Body\n    Preconditions.checkState(body.getNext() == null &&\n            body.isBlock());\n    traverseBranch(body, n);\n\n    popScope();\n  }", "javadoc_start_line": 507, "annotations_start_line": 510, "method_start_line": 510, "end_line": 545}, "steps": [], "generation_failure": {"error": "Failed to generate stacktrace", "error_message": "[Errno 2] No such file or directory: './projects/Closure/37/results/stacktrace-testIncompleteFunction-traverseFunction.csv'"}}], "project": {"name": "Closure", "version": 37}}