{"tours": [], "project": {"name": "Closure", "version": 104}, "generation_failure": {"error": "failed to initialize", "error_message": "Command failed: codeql database create ./projects/Closure/104/codeql-db --language=java --overwrite --source-root ./projects/Closure/104\nInitializing database at /home/balfroim/Documents/Shomidacode/script/projects/Closure/104/codeql-db.\nRunning build command: [/home/balfroim/codeql-linux64/codeql/java/tools/autobuild.sh]\nA fatal error occurred: Exit status 1 from command: [/home/balfroim/codeql-linux64/codeql/java/tools/autobuild.sh]\n\n[2023-11-08 01:48:48] [build-stdout] [2023-11-08 01:48:48] Build directory is .\n[2023-11-08 01:48:48] [build-stdout] [2023-11-08 01:48:48] [autobuild] > ant -noinput -f \"build.xml\" clean \"jar\"\n[2023-11-08 01:48:49] [build-stdout] [2023-11-08 01:48:49] [autobuild] Buildfile: /home/balfroim/Documents/Shomidacode/script/projects/Closure/104/build.xml\n[2023-11-08 01:48:49] [build-stdout] [2023-11-08 01:48:49] [autobuild] clean:\n[2023-11-08 01:48:49] [build-stdout] [2023-11-08 01:48:49] [autobuild] compile:\n[2023-11-08 01:48:49] [build-stdout] [2023-11-08 01:48:49] [autobuild]     [mkdir] Created dir: /home/balfroim/Documents/Shomidacode/script/projects/Closure/104/build/classes\n[2023-11-08 01:48:49] [build-stdout] [2023-11-08 01:48:49] [autobuild]     [javac] /home/balfroim/Documents/Shomidacode/script/projects/Closure/104/build.xml:52: warning: 'includeantruntime' was not set, defaulting to build.sysclasspath=last; set to false for repeatable builds\n[2023-11-08 01:48:49] [build-stdout] [2023-11-08 01:48:49] [autobuild]     [javac] Compiling 4 source files to /home/balfroim/Documents/Shomidacode/script/projects/Closure/104/build/classes\n[2023-11-08 01:48:52] [build-stdout] [2023-11-08 01:48:52] [autobuild]     [javac] /home/balfroim/Documents/Shomidacode/script/projects/Closure/104/build.xml:57: warning: 'includeantruntime' was not set, defaulting to build.sysclasspath=last; set to false for repeatable builds\n[2023-11-08 01:48:52] [build-stdout] [2023-11-08 01:48:52] [autobuild]     [javac] Compiling 312 source files to /home/balfroim/Documents/Shomidacode/script/projects/Closure/104/build/classes\n[2023-11-08 01:49:06] [build-stdout] [2023-11-08 01:49:06] [autobuild]     [mkdir] Created dir: /home/balfroim/Documents/Shomidacode/script/projects/Closure/104/build/classes/rhino_ast/java/com/google/javascript/rhino\n[2023-11-08 01:49:06] [build-stdout] [2023-11-08 01:49:06] [autobuild]      [copy] Copying 1 file to /home/balfroim/Documents/Shomidacode/script/projects/Closure/104/build/classes/rhino_ast/java/com/google/javascript/rhino\n[2023-11-08 01:49:06] [build-stdout] [2023-11-08 01:49:06] [autobuild]      [copy] Copying 1 file to /home/balfroim/Documents/Shomidacode/script/projects/Closure/104/build/classes/com/google/javascript/jscomp/parsing\n[2023-11-08 01:49:06] [build-stdout] [2023-11-08 01:49:06] [autobuild]     [mkdir] Created dir: /home/balfroim/Documents/Shomidacode/script/projects/Closure/104/build/classes/com/google/javascript/jscomp/js\n[2023-11-08 01:49:06] [build-stdout] [2023-11-08 01:49:06] [autobuild]      [copy] Copying 1 file to /home/balfroim/Documents/Shomidacode/script/projects/Closure/104/build/classes/com/google/javascript/jscomp/js\n[2023-11-08 01:49:06] [build-stdout] [2023-11-08 01:49:06] [autobuild] apt:\n[2023-11-08 01:49:06] [build-stdout] [2023-11-08 01:49:06] [autobuild] BUILD FAILED\n[2023-11-08 01:49:06] [build-stdout] [2023-11-08 01:49:06] [autobuild] /home/balfroim/Documents/Shomidacode/script/projects/Closure/104/build.xml:81: Problem: failed to create task or type apt\n[2023-11-08 01:49:06] [build-stdout] [2023-11-08 01:49:06] [autobuild] Cause: The name is undefined.\n[2023-11-08 01:49:06] [build-stdout] [2023-11-08 01:49:06] [autobuild] Action: Check the spelling.\n[2023-11-08 01:49:06] [build-stdout] [2023-11-08 01:49:06] [autobuild] Action: Check that any custom tasks/types have been declared.\n[2023-11-08 01:49:06] [build-stdout] [2023-11-08 01:49:06] [autobuild] Action: Check that any <presetdef>/<macrodef> declarations have taken place.\n[2023-11-08 01:49:06] [build-stdout] [2023-11-08 01:49:06] [autobuild] Total time: 17 seconds\n[2023-11-08 01:49:06] [build-stdout] [2023-11-08 01:49:06] [ERROR] Spawned process exited abnormally (code 1; tried to run: [ant, -noinput, -f, build.xml, clean, jar])\n[2023-11-08 01:49:06] [ERROR] Spawned process exited abnormally (code 1; tried to run: [/home/balfroim/codeql-linux64/codeql/tools/linux64/preload_tracer, /home/balfroim/codeql-linux64/codeql/java/tools/autobuild.sh])\n"}}