{"tours": [{"failing_test": {"className": " org.apache.commons.lang.text.StrBuilderTest", "methodName": "testIndexOfLang294", "error": "junit.framework.AssertionFailedError", "message": "expected:<-1> but was:<6>"}, "patched_method": {"file_path": "/src/java/org/apache/commons/lang/text/StrBuilder.java", "method_name": "indexOf", "content": "    /**\n     * Searches the string builder to find the first reference to the specified\n     * string starting searching from the given index.\n     * <p>\n     * Note that a null input string will return -1, whereas the JDK throws an exception.\n     * \n     * @param str  the string to find, null returns -1\n     * @param startIndex  the index to start at, invalid index rounded to edge\n     * @return the first index of the string, or -1 if not found\n     */\n    public int indexOf(String str, int startIndex) {\n        startIndex = (startIndex < 0 ? 0 : startIndex);\n        if (str == null || startIndex >= size) {\n            return -1;\n        }\n        int strLen = str.length();\n        if (strLen == 1) {\n            return indexOf(str.charAt(0), startIndex);\n        }\n        if (strLen == 0) {\n            return startIndex;\n        }\n        if (strLen > size) {\n            return -1;\n        }\n        char[] thisBuf = buffer;\n        int len = thisBuf.length - strLen;\n        outer:\n        for (int i = startIndex; i < len; i++) {\n            for (int j = 0; j < strLen; j++) {\n                if (str.charAt(j) != thisBuf[i + j]) {\n                    continue outer;\n                }\n            }\n            return i;\n        }\n        return -1;\n    }", "javadoc_start_line": 1750, "annotations_start_line": 1760, "method_start_line": 1760, "end_line": 1787}, "steps": [], "generation_failure": {"error": "Failed to generate stacktrace", "error_message": "Command failed: defects4j test -w ./projects/Lang/61\nRunning ant (compile.tests)................................................ FAIL\nExecuted command:  cd /home/balfroim/Documents/Shomidacode/script/projects/Lang/61 && /home/balfroim/Documents/Defect4J/defects4j/major/bin/ant -f /home/balfroim/Documents/Defect4J/defects4j/framework/projects/defects4j.build.xml -Dd4j.home=/home/balfroim/Documents/Defect4J/defects4j -Dd4j.dir.projects=/home/balfroim/Documents/Defect4J/defects4j/framework/projects -Dbasedir=/home/balfroim/Documents/Shomidacode/script/projects/Lang/61 -Dbuild.compiler=javac1.7  compile.tests 2>&1\nOpenJDK 64-Bit Server VM warning: ignoring option MaxPermSize=1G; support was removed in 8.0\nBuildfile: /home/balfroim/Documents/Defect4J/defects4j/framework/projects/defects4j.build.xml\n\ninit:\n     [echo] -------- commons-lang 2.3-SNAPSHOT --------\n\nprepare:\n\nstatic:\n\ncompile:\n    [javac] /home/balfroim/Documents/Shomidacode/script/projects/Lang/61/build.xml:65: warning: 'includeantruntime' was not set, defaulting to build.sysclasspath=last; set to false for repeatable builds\n    [javac] Compiling 2 source files to /home/balfroim/Documents/Shomidacode/script/projects/Lang/61/target/classes\n    [javac] warning: [options] bootstrap class path not set in conjunction with -source 1.3\n    [javac] /home/balfroim/Documents/Shomidacode/script/projects/Lang/61/src/java/org/apache/commons/lang/text/StackTraceRecorder.java:45: error: for-each loops are not supported in -source 1.3\n    [javac]         for (StackTraceElement element : stacktrace) {\n    [javac]                                        ^\n    [javac]   (use -source 5 or higher to enable for-each loops)\n    [javac] 1 error\n    [javac] 1 warning\n\nBUILD FAILED\n/home/balfroim/Documents/Shomidacode/script/projects/Lang/61/build.xml:65: Compile failed; see the compiler error output for details.\n\nTotal time: 0 seconds\nCannot compile test suite! at /home/balfroim/Documents/Defect4J/defects4j/framework/bin/d4j/d4j-test line 134.\nCompilation failed in require at /home/balfroim/Documents/Defect4J/defects4j/framework/bin/defects4j line 195.\n\n"}}, {"failing_test": {"className": " org.apache.commons.lang.text.StrBuilderTest", "methodName": "testLang294", "error": "java.lang.ArrayIndexOutOfBoundsException", "message": ""}, "patched_method": {"file_path": "/src/java/org/apache/commons/lang/text/StrBuilder.java", "method_name": "indexOf", "content": "    /**\n     * Searches the string builder to find the first reference to the specified\n     * string starting searching from the given index.\n     * <p>\n     * Note that a null input string will return -1, whereas the JDK throws an exception.\n     * \n     * @param str  the string to find, null returns -1\n     * @param startIndex  the index to start at, invalid index rounded to edge\n     * @return the first index of the string, or -1 if not found\n     */\n    public int indexOf(String str, int startIndex) {\n        startIndex = (startIndex < 0 ? 0 : startIndex);\n        if (str == null || startIndex >= size) {\n            return -1;\n        }\n        int strLen = str.length();\n        if (strLen == 1) {\n            return indexOf(str.charAt(0), startIndex);\n        }\n        if (strLen == 0) {\n            return startIndex;\n        }\n        if (strLen > size) {\n            return -1;\n        }\n        char[] thisBuf = buffer;\n        int len = thisBuf.length - strLen;\n        outer:\n        for (int i = startIndex; i < len; i++) {\n            for (int j = 0; j < strLen; j++) {\n                if (str.charAt(j) != thisBuf[i + j]) {\n                    continue outer;\n                }\n            }\n            return i;\n        }\n        return -1;\n    }", "javadoc_start_line": 1750, "annotations_start_line": 1760, "method_start_line": 1760, "end_line": 1787}, "steps": [], "generation_failure": {"error": "Failed to generate stacktrace", "error_message": "Command failed: defects4j test -w ./projects/Lang/61\nRunning ant (compile.tests)................................................ FAIL\nExecuted command:  cd /home/balfroim/Documents/Shomidacode/script/projects/Lang/61 && /home/balfroim/Documents/Defect4J/defects4j/major/bin/ant -f /home/balfroim/Documents/Defect4J/defects4j/framework/projects/defects4j.build.xml -Dd4j.home=/home/balfroim/Documents/Defect4J/defects4j -Dd4j.dir.projects=/home/balfroim/Documents/Defect4J/defects4j/framework/projects -Dbasedir=/home/balfroim/Documents/Shomidacode/script/projects/Lang/61 -Dbuild.compiler=javac1.7  compile.tests 2>&1\nOpenJDK 64-Bit Server VM warning: ignoring option MaxPermSize=1G; support was removed in 8.0\nBuildfile: /home/balfroim/Documents/Defect4J/defects4j/framework/projects/defects4j.build.xml\n\ninit:\n     [echo] -------- commons-lang 2.3-SNAPSHOT --------\n\nprepare:\n\nstatic:\n\ncompile:\n    [javac] /home/balfroim/Documents/Shomidacode/script/projects/Lang/61/build.xml:65: warning: 'includeantruntime' was not set, defaulting to build.sysclasspath=last; set to false for repeatable builds\n    [javac] Compiling 2 source files to /home/balfroim/Documents/Shomidacode/script/projects/Lang/61/target/classes\n    [javac] warning: [options] bootstrap class path not set in conjunction with -source 1.3\n    [javac] /home/balfroim/Documents/Shomidacode/script/projects/Lang/61/src/java/org/apache/commons/lang/text/StackTraceRecorder.java:45: error: for-each loops are not supported in -source 1.3\n    [javac]         for (StackTraceElement element : stacktrace) {\n    [javac]                                        ^\n    [javac]   (use -source 5 or higher to enable for-each loops)\n    [javac] 1 error\n    [javac] 1 warning\n\nBUILD FAILED\n/home/balfroim/Documents/Shomidacode/script/projects/Lang/61/build.xml:65: Compile failed; see the compiler error output for details.\n\nTotal time: 0 seconds\nCannot compile test suite! at /home/balfroim/Documents/Defect4J/defects4j/framework/bin/d4j/d4j-test line 134.\nCompilation failed in require at /home/balfroim/Documents/Defect4J/defects4j/framework/bin/defects4j line 195.\n\n"}}], "project": {"name": "Lang", "version": 61}}