{"tours": [{"failing_test": {"className": " org.apache.commons.lang.text.ExtendedMessageFormatTest", "methodName": "testEscapedQuote_LANG_477", "error": "java.lang.OutOfMemoryError", "message": "Java heap space"}, "patched_method": {"file_path": "/src/java/org/apache/commons/lang/text/ExtendedMessageFormat.java", "method_name": "appendQuotedString", "content": "    /**\n     * Consume a quoted string, adding it to <code>appendTo</code> if\n     * specified.\n     * \n     * @param pattern pattern to parse\n     * @param pos current parse position\n     * @param appendTo optional StringBuffer to append\n     * @param escapingOn whether to process escaped quotes\n     * @return <code>appendTo</code>\n     */\n    private StringBuffer appendQuotedString(String pattern, ParsePosition pos,\n            StringBuffer appendTo, boolean escapingOn) {\n        int start = pos.getIndex();\n        char[] c = pattern.toCharArray();\n        if (escapingOn && c[start] == QUOTE) {\n            return appendTo == null ? null : appendTo.append(QUOTE);\n        }\n        int lastHold = start;\n        for (int i = pos.getIndex(); i < pattern.length(); i++) {\n            if (escapingOn && pattern.substring(i).startsWith(ESCAPED_QUOTE)) {\n                appendTo.append(c, lastHold, pos.getIndex() - lastHold).append(\n                        QUOTE);\n                pos.setIndex(i + ESCAPED_QUOTE.length());\n                lastHold = pos.getIndex();\n                continue;\n            }\n            switch (c[pos.getIndex()]) {\n            case QUOTE:\n                next(pos);\n                return appendTo == null ? null : appendTo.append(c, lastHold,\n                        pos.getIndex() - lastHold);\n            default:\n                next(pos);\n            }\n        }\n        throw new IllegalArgumentException(\n                \"Unterminated quoted string at position \" + start);\n    }", "javadoc_start_line": 407, "annotations_start_line": 417, "method_start_line": 418, "end_line": 444}, "steps": [], "generation_failure": {"error": "Failed to generate stacktrace", "error_message": "Command failed: defects4j test -w ./projects/Lang/43\nRunning ant (compile.tests)................................................ FAIL\nExecuted command:  cd /home/balfroim/Documents/Shomidacode/script/projects/Lang/43 && /home/balfroim/Documents/Defect4J/defects4j/major/bin/ant -f /home/balfroim/Documents/Defect4J/defects4j/framework/projects/defects4j.build.xml -Dd4j.home=/home/balfroim/Documents/Defect4J/defects4j -Dd4j.dir.projects=/home/balfroim/Documents/Defect4J/defects4j/framework/projects -Dbasedir=/home/balfroim/Documents/Shomidacode/script/projects/Lang/43 -Dbuild.compiler=javac1.7  compile.tests 2>&1\nOpenJDK 64-Bit Server VM warning: ignoring option MaxPermSize=1G; support was removed in 8.0\nBuildfile: /home/balfroim/Documents/Defect4J/defects4j/framework/projects/defects4j.build.xml\n\ninit:\n     [echo] -------- commons-lang 3.0-SNAPSHOT --------\n\nprepare:\n    [mkdir] Created dir: /home/balfroim/Documents/Shomidacode/script/projects/Lang/43/target/conf\n    [mkdir] Created dir: /home/balfroim/Documents/Shomidacode/script/projects/Lang/43/target/tests\n\nstatic:\n     [copy] Copying 1 file to /home/balfroim/Documents/Shomidacode/script/projects/Lang/43/target/conf\n\ncompile:\n    [javac] /home/balfroim/Documents/Shomidacode/script/projects/Lang/43/build.xml:65: warning: 'includeantruntime' was not set, defaulting to build.sysclasspath=last; set to false for repeatable builds\n    [javac] Compiling 2 source files to /home/balfroim/Documents/Shomidacode/script/projects/Lang/43/target/classes\n    [javac] warning: [options] bootstrap class path not set in conjunction with -source 1.3\n    [javac] /home/balfroim/Documents/Shomidacode/script/projects/Lang/43/src/java/org/apache/commons/lang/text/StackTraceRecorder.java:45: error: for-each loops are not supported in -source 1.3\n    [javac]         for (StackTraceElement element : stacktrace) {\n    [javac]                                        ^\n    [javac]   (use -source 5 or higher to enable for-each loops)\n    [javac] 1 error\n    [javac] 1 warning\n\nBUILD FAILED\n/home/balfroim/Documents/Shomidacode/script/projects/Lang/43/build.xml:65: Compile failed; see the compiler error output for details.\n\nTotal time: 0 seconds\nCannot compile test suite! at /home/balfroim/Documents/Defect4J/defects4j/framework/bin/d4j/d4j-test line 134.\nCompilation failed in require at /home/balfroim/Documents/Defect4J/defects4j/framework/bin/defects4j line 195.\n\n"}}], "project": {"name": "Lang", "version": 43}}