{"tours": [{"failing_test": {"className": " org.apache.commons.lang.StringEscapeUtilsTest", "methodName": "testEscapeJavaWithSlash", "error": "junit.framework.ComparisonFailure", "message": "expected:<...tring with a slash ([]/) in it> but was:<...tring with a slash ([\\]/) in it>"}, "patched_method": {"file_path": "/src/java/org/apache/commons/lang/StringEscapeUtils.java", "method_name": "escapeJavaScript", "content": "    /**\n     * <p>Escapes the characters in a <code>String</code> using JavaScript String rules\n     * to a <code>Writer</code>.</p>\n     * \n     * <p>A <code>null</code> string input has no effect.</p>\n     * \n     * @see #escapeJavaScript(java.lang.String)\n     * @param out  Writer to write escaped string into\n     * @param str  String to escape values in, may be null\n     * @throws IllegalArgumentException if the Writer is <code>null</code>\n     * @throws IOException if error occurs on underlying Writer\n     **/\n    public static void escapeJavaScript(Writer out, String str) throws IOException {\n        escapeJavaStyleString(out, str, true);\n    }", "javadoc_start_line": 130, "annotations_start_line": 142, "method_start_line": 142, "end_line": 144}, "steps": [], "generation_failure": {"error": "Failed to generate stacktrace", "error_message": "Command failed: defects4j test -w ./projects/Lang/46\nRunning ant (compile.tests)................................................ FAIL\nExecuted command:  cd /home/balfroim/Documents/Shomidacode/script/projects/Lang/46 && /home/balfroim/Documents/Defect4J/defects4j/major/bin/ant -f /home/balfroim/Documents/Defect4J/defects4j/framework/projects/defects4j.build.xml -Dd4j.home=/home/balfroim/Documents/Defect4J/defects4j -Dd4j.dir.projects=/home/balfroim/Documents/Defect4J/defects4j/framework/projects -Dbasedir=/home/balfroim/Documents/Shomidacode/script/projects/Lang/46 -Dbuild.compiler=javac1.7  compile.tests 2>&1\nOpenJDK 64-Bit Server VM warning: ignoring option MaxPermSize=1G; support was removed in 8.0\nBuildfile: /home/balfroim/Documents/Defect4J/defects4j/framework/projects/defects4j.build.xml\n\ninit:\n     [echo] -------- commons-lang 3.0-SNAPSHOT --------\n\nprepare:\n    [mkdir] Created dir: /home/balfroim/Documents/Shomidacode/script/projects/Lang/46/target/conf\n    [mkdir] Created dir: /home/balfroim/Documents/Shomidacode/script/projects/Lang/46/target/tests\n\nstatic:\n     [copy] Copying 1 file to /home/balfroim/Documents/Shomidacode/script/projects/Lang/46/target/conf\n\ncompile:\n    [javac] /home/balfroim/Documents/Shomidacode/script/projects/Lang/46/build.xml:65: warning: 'includeantruntime' was not set, defaulting to build.sysclasspath=last; set to false for repeatable builds\n    [javac] Compiling 2 source files to /home/balfroim/Documents/Shomidacode/script/projects/Lang/46/target/classes\n    [javac] warning: [options] bootstrap class path not set in conjunction with -source 1.3\n    [javac] /home/balfroim/Documents/Shomidacode/script/projects/Lang/46/src/java/org/apache/commons/lang/StackTraceRecorder.java:45: error: for-each loops are not supported in -source 1.3\n    [javac]         for (StackTraceElement element : stacktrace) {\n    [javac]                                        ^\n    [javac]   (use -source 5 or higher to enable for-each loops)\n    [javac] 1 error\n    [javac] 1 warning\n\nBUILD FAILED\n/home/balfroim/Documents/Shomidacode/script/projects/Lang/46/build.xml:65: Compile failed; see the compiler error output for details.\n\nTotal time: 0 seconds\nCannot compile test suite! at /home/balfroim/Documents/Defect4J/defects4j/framework/bin/d4j/d4j-test line 134.\nCompilation failed in require at /home/balfroim/Documents/Defect4J/defects4j/framework/bin/defects4j line 195.\n\n"}}, {"failing_test": {"className": " org.apache.commons.lang.StringEscapeUtilsTest", "methodName": "testEscapeJavaWithSlash", "error": "junit.framework.ComparisonFailure", "message": "expected:<...tring with a slash ([]/) in it> but was:<...tring with a slash ([\\]/) in it>"}, "patched_method": {"file_path": "/src/java/org/apache/commons/lang/StringEscapeUtils.java", "method_name": "escapeJavaScript", "content": "    /**\n     * <p>Escapes the characters in a <code>String</code> using JavaScript String rules.</p>\n     * <p>Escapes any values it finds into their JavaScript String form.\n     * Deals correctly with quotes and control-chars (tab, backslash, cr, ff, etc.) </p>\n     *\n     * <p>So a tab becomes the characters <code>'\\\\'</code> and\n     * <code>'t'</code>.</p>\n     *\n     * <p>The only difference between Java strings and JavaScript strings\n     * is that in JavaScript, a single quote must be escaped.</p>\n     *\n     * <p>Example:\n     * <pre>\n     * input string: He didn't say, \"Stop!\"\n     * output string: He didn\\'t say, \\\"Stop!\\\"\n     * </pre>\n     * </p>\n     *\n     * @param str  String to escape values in, may be null\n     * @return String with escaped values, <code>null</code> if null string input\n     */\n    public static String escapeJavaScript(String str) {\n        return escapeJavaStyleString(str, true);\n    }", "javadoc_start_line": 105, "annotations_start_line": 126, "method_start_line": 126, "end_line": 128}, "steps": [], "generation_failure": {"error": "Failed to generate stacktrace", "error_message": "Command failed: defects4j test -w ./projects/Lang/46\nRunning ant (compile.tests)................................................ FAIL\nExecuted command:  cd /home/balfroim/Documents/Shomidacode/script/projects/Lang/46 && /home/balfroim/Documents/Defect4J/defects4j/major/bin/ant -f /home/balfroim/Documents/Defect4J/defects4j/framework/projects/defects4j.build.xml -Dd4j.home=/home/balfroim/Documents/Defect4J/defects4j -Dd4j.dir.projects=/home/balfroim/Documents/Defect4J/defects4j/framework/projects -Dbasedir=/home/balfroim/Documents/Shomidacode/script/projects/Lang/46 -Dbuild.compiler=javac1.7  compile.tests 2>&1\nOpenJDK 64-Bit Server VM warning: ignoring option MaxPermSize=1G; support was removed in 8.0\nBuildfile: /home/balfroim/Documents/Defect4J/defects4j/framework/projects/defects4j.build.xml\n\ninit:\n     [echo] -------- commons-lang 3.0-SNAPSHOT --------\n\nprepare:\n\nstatic:\n\ncompile:\n    [javac] /home/balfroim/Documents/Shomidacode/script/projects/Lang/46/build.xml:65: warning: 'includeantruntime' was not set, defaulting to build.sysclasspath=last; set to false for repeatable builds\n    [javac] Compiling 2 source files to /home/balfroim/Documents/Shomidacode/script/projects/Lang/46/target/classes\n    [javac] warning: [options] bootstrap class path not set in conjunction with -source 1.3\n    [javac] /home/balfroim/Documents/Shomidacode/script/projects/Lang/46/src/java/org/apache/commons/lang/StackTraceRecorder.java:45: error: for-each loops are not supported in -source 1.3\n    [javac]         for (StackTraceElement element : stacktrace) {\n    [javac]                                        ^\n    [javac]   (use -source 5 or higher to enable for-each loops)\n    [javac] 1 error\n    [javac] 1 warning\n\nBUILD FAILED\n/home/balfroim/Documents/Shomidacode/script/projects/Lang/46/build.xml:65: Compile failed; see the compiler error output for details.\n\nTotal time: 0 seconds\nCannot compile test suite! at /home/balfroim/Documents/Defect4J/defects4j/framework/bin/d4j/d4j-test line 134.\nCompilation failed in require at /home/balfroim/Documents/Defect4J/defects4j/framework/bin/defects4j line 195.\n\n"}}, {"failing_test": {"className": " org.apache.commons.lang.StringEscapeUtilsTest", "methodName": "testEscapeJavaWithSlash", "error": "junit.framework.ComparisonFailure", "message": "expected:<...tring with a slash ([]/) in it> but was:<...tring with a slash ([\\]/) in it>"}, "patched_method": {"file_path": "/src/java/org/apache/commons/lang/StringEscapeUtils.java", "method_name": "escapeJava", "content": "    /**\n     * <p>Escapes the characters in a <code>String</code> using Java String rules to\n     * a <code>Writer</code>.</p>\n     * \n     * <p>A <code>null</code> string input has no effect.</p>\n     * \n     * @see #escapeJava(java.lang.String)\n     * @param out  Writer to write escaped string into\n     * @param str  String to escape values in, may be null\n     * @throws IllegalArgumentException if the Writer is <code>null</code>\n     * @throws IOException if error occurs on underlying Writer\n     */\n    public static void escapeJava(Writer out, String str) throws IOException {\n        escapeJavaStyleString(out, str, false);\n    }", "javadoc_start_line": 89, "annotations_start_line": 101, "method_start_line": 101, "end_line": 103}, "steps": [], "generation_failure": {"error": "Failed to generate stacktrace", "error_message": "Command failed: defects4j test -w ./projects/Lang/46\nRunning ant (compile.tests)................................................ FAIL\nExecuted command:  cd /home/balfroim/Documents/Shomidacode/script/projects/Lang/46 && /home/balfroim/Documents/Defect4J/defects4j/major/bin/ant -f /home/balfroim/Documents/Defect4J/defects4j/framework/projects/defects4j.build.xml -Dd4j.home=/home/balfroim/Documents/Defect4J/defects4j -Dd4j.dir.projects=/home/balfroim/Documents/Defect4J/defects4j/framework/projects -Dbasedir=/home/balfroim/Documents/Shomidacode/script/projects/Lang/46 -Dbuild.compiler=javac1.7  compile.tests 2>&1\nOpenJDK 64-Bit Server VM warning: ignoring option MaxPermSize=1G; support was removed in 8.0\nBuildfile: /home/balfroim/Documents/Defect4J/defects4j/framework/projects/defects4j.build.xml\n\ninit:\n     [echo] -------- commons-lang 3.0-SNAPSHOT --------\n\nprepare:\n\nstatic:\n\ncompile:\n    [javac] /home/balfroim/Documents/Shomidacode/script/projects/Lang/46/build.xml:65: warning: 'includeantruntime' was not set, defaulting to build.sysclasspath=last; set to false for repeatable builds\n    [javac] Compiling 2 source files to /home/balfroim/Documents/Shomidacode/script/projects/Lang/46/target/classes\n    [javac] warning: [options] bootstrap class path not set in conjunction with -source 1.3\n    [javac] /home/balfroim/Documents/Shomidacode/script/projects/Lang/46/src/java/org/apache/commons/lang/StackTraceRecorder.java:45: error: for-each loops are not supported in -source 1.3\n    [javac]         for (StackTraceElement element : stacktrace) {\n    [javac]                                        ^\n    [javac]   (use -source 5 or higher to enable for-each loops)\n    [javac] 1 error\n    [javac] 1 warning\n\nBUILD FAILED\n/home/balfroim/Documents/Shomidacode/script/projects/Lang/46/build.xml:65: Compile failed; see the compiler error output for details.\n\nTotal time: 0 seconds\nCannot compile test suite! at /home/balfroim/Documents/Defect4J/defects4j/framework/bin/d4j/d4j-test line 134.\nCompilation failed in require at /home/balfroim/Documents/Defect4J/defects4j/framework/bin/defects4j line 195.\n\n"}}, {"failing_test": {"className": " org.apache.commons.lang.StringEscapeUtilsTest", "methodName": "testEscapeJavaWithSlash", "error": "junit.framework.ComparisonFailure", "message": "expected:<...tring with a slash ([]/) in it> but was:<...tring with a slash ([\\]/) in it>"}, "patched_method": {"file_path": "/src/java/org/apache/commons/lang/StringEscapeUtils.java", "method_name": "escapeJava", "content": "    /**\n     * <p>Escapes the characters in a <code>String</code> using Java String rules.</p>\n     *\n     * <p>Deals correctly with quotes and control-chars (tab, backslash, cr, ff, etc.) </p>\n     *\n     * <p>So a tab becomes the characters <code>'\\\\'</code> and\n     * <code>'t'</code>.</p>\n     *\n     * <p>The only difference between Java strings and JavaScript strings\n     * is that in JavaScript, a single quote must be escaped.</p>\n     *\n     * <p>Example:\n     * <pre>\n     * input string: He didn't say, \"Stop!\"\n     * output string: He didn't say, \\\"Stop!\\\"\n     * </pre>\n     * </p>\n     *\n     * @param str  String to escape values in, may be null\n     * @return String with escaped values, <code>null</code> if null string input\n     */\n    public static String escapeJava(String str) {\n        return escapeJavaStyleString(str, false);\n    }", "javadoc_start_line": 64, "annotations_start_line": 85, "method_start_line": 85, "end_line": 87}, "steps": [], "generation_failure": {"error": "Failed to generate stacktrace", "error_message": "Command failed: defects4j test -w ./projects/Lang/46\nRunning ant (compile.tests)................................................ FAIL\nExecuted command:  cd /home/balfroim/Documents/Shomidacode/script/projects/Lang/46 && /home/balfroim/Documents/Defect4J/defects4j/major/bin/ant -f /home/balfroim/Documents/Defect4J/defects4j/framework/projects/defects4j.build.xml -Dd4j.home=/home/balfroim/Documents/Defect4J/defects4j -Dd4j.dir.projects=/home/balfroim/Documents/Defect4J/defects4j/framework/projects -Dbasedir=/home/balfroim/Documents/Shomidacode/script/projects/Lang/46 -Dbuild.compiler=javac1.7  compile.tests 2>&1\nOpenJDK 64-Bit Server VM warning: ignoring option MaxPermSize=1G; support was removed in 8.0\nBuildfile: /home/balfroim/Documents/Defect4J/defects4j/framework/projects/defects4j.build.xml\n\ninit:\n     [echo] -------- commons-lang 3.0-SNAPSHOT --------\n\nprepare:\n\nstatic:\n\ncompile:\n    [javac] /home/balfroim/Documents/Shomidacode/script/projects/Lang/46/build.xml:65: warning: 'includeantruntime' was not set, defaulting to build.sysclasspath=last; set to false for repeatable builds\n    [javac] Compiling 2 source files to /home/balfroim/Documents/Shomidacode/script/projects/Lang/46/target/classes\n    [javac] warning: [options] bootstrap class path not set in conjunction with -source 1.3\n    [javac] /home/balfroim/Documents/Shomidacode/script/projects/Lang/46/src/java/org/apache/commons/lang/StackTraceRecorder.java:45: error: for-each loops are not supported in -source 1.3\n    [javac]         for (StackTraceElement element : stacktrace) {\n    [javac]                                        ^\n    [javac]   (use -source 5 or higher to enable for-each loops)\n    [javac] 1 error\n    [javac] 1 warning\n\nBUILD FAILED\n/home/balfroim/Documents/Shomidacode/script/projects/Lang/46/build.xml:65: Compile failed; see the compiler error output for details.\n\nTotal time: 0 seconds\nCannot compile test suite! at /home/balfroim/Documents/Defect4J/defects4j/framework/bin/d4j/d4j-test line 134.\nCompilation failed in require at /home/balfroim/Documents/Defect4J/defects4j/framework/bin/defects4j line 195.\n\n"}}, {"failing_test": {"className": " org.apache.commons.lang.StringEscapeUtilsTest", "methodName": "testEscapeJavaWithSlash", "error": "junit.framework.ComparisonFailure", "message": "expected:<...tring with a slash ([]/) in it> but was:<...tring with a slash ([\\]/) in it>"}, "patched_method": {"file_path": "/src/java/org/apache/commons/lang/StringEscapeUtils.java", "method_name": "escapeJavaStyleString", "content": "    /**\n     * <p>Worker method for the {@link #escapeJavaScript(String)} method.</p>\n     * \n     * @param out write to receieve the escaped string\n     * @param str String to escape values in, may be null\n     * @param escapeSingleQuote escapes single quotes if <code>true</code>\n     * @param escapeForwardSlash TODO\n     * @throws IOException if an IOException occurs\n     */\n    private static void escapeJavaStyleString(Writer out, String str, boolean escapeSingleQuote) throws IOException {\n        if (out == null) {\n            throw new IllegalArgumentException(\"The Writer must not be null\");\n        }\n        if (str == null) {\n            return;\n        }\n        int sz;\n        sz = str.length();\n        for (int i = 0; i < sz; i++) {\n            char ch = str.charAt(i);\n\n            // handle unicode\n            if (ch > 0xfff) {\n                out.write(\"\\\\u\" + hex(ch));\n            } else if (ch > 0xff) {\n                out.write(\"\\\\u0\" + hex(ch));\n            } else if (ch > 0x7f) {\n                out.write(\"\\\\u00\" + hex(ch));\n            } else if (ch < 32) {\n                switch (ch) {\n                    case '\\b' :\n                        out.write('\\\\');\n                        out.write('b');\n                        break;\n                    case '\\n' :\n                        out.write('\\\\');\n                        out.write('n');\n                        break;\n                    case '\\t' :\n                        out.write('\\\\');\n                        out.write('t');\n                        break;\n                    case '\\f' :\n                        out.write('\\\\');\n                        out.write('f');\n                        break;\n                    case '\\r' :\n                        out.write('\\\\');\n                        out.write('r');\n                        break;\n                    default :\n                        if (ch > 0xf) {\n                            out.write(\"\\\\u00\" + hex(ch));\n                        } else {\n                            out.write(\"\\\\u000\" + hex(ch));\n                        }\n                        break;\n                }\n            } else {\n                switch (ch) {\n                    case '\\'' :\n                        if (escapeSingleQuote) {\n                            out.write('\\\\');\n                        }\n                        out.write('\\'');\n                        break;\n                    case '\"' :\n                        out.write('\\\\');\n                        out.write('\"');\n                        break;\n                    case '\\\\' :\n                        out.write('\\\\');\n                        out.write('\\\\');\n                        break;\n                    case '/' :\n                            out.write('\\\\');\n                        out.write('/');\n                        break;\n                    default :\n                        out.write(ch);\n                        break;\n                }\n            }\n        }\n    }", "javadoc_start_line": 169, "annotations_start_line": 178, "method_start_line": 178, "end_line": 253}, "steps": [], "generation_failure": {"error": "Failed to generate stacktrace", "error_message": "Command failed: defects4j test -w ./projects/Lang/46\nRunning ant (compile.tests)................................................ FAIL\nExecuted command:  cd /home/balfroim/Documents/Shomidacode/script/projects/Lang/46 && /home/balfroim/Documents/Defect4J/defects4j/major/bin/ant -f /home/balfroim/Documents/Defect4J/defects4j/framework/projects/defects4j.build.xml -Dd4j.home=/home/balfroim/Documents/Defect4J/defects4j -Dd4j.dir.projects=/home/balfroim/Documents/Defect4J/defects4j/framework/projects -Dbasedir=/home/balfroim/Documents/Shomidacode/script/projects/Lang/46 -Dbuild.compiler=javac1.7  compile.tests 2>&1\nOpenJDK 64-Bit Server VM warning: ignoring option MaxPermSize=1G; support was removed in 8.0\nBuildfile: /home/balfroim/Documents/Defect4J/defects4j/framework/projects/defects4j.build.xml\n\ninit:\n     [echo] -------- commons-lang 3.0-SNAPSHOT --------\n\nprepare:\n\nstatic:\n\ncompile:\n    [javac] /home/balfroim/Documents/Shomidacode/script/projects/Lang/46/build.xml:65: warning: 'includeantruntime' was not set, defaulting to build.sysclasspath=last; set to false for repeatable builds\n    [javac] Compiling 2 source files to /home/balfroim/Documents/Shomidacode/script/projects/Lang/46/target/classes\n    [javac] warning: [options] bootstrap class path not set in conjunction with -source 1.3\n    [javac] /home/balfroim/Documents/Shomidacode/script/projects/Lang/46/src/java/org/apache/commons/lang/StackTraceRecorder.java:45: error: for-each loops are not supported in -source 1.3\n    [javac]         for (StackTraceElement element : stacktrace) {\n    [javac]                                        ^\n    [javac]   (use -source 5 or higher to enable for-each loops)\n    [javac] 1 error\n    [javac] 1 warning\n\nBUILD FAILED\n/home/balfroim/Documents/Shomidacode/script/projects/Lang/46/build.xml:65: Compile failed; see the compiler error output for details.\n\nTotal time: 0 seconds\nCannot compile test suite! at /home/balfroim/Documents/Defect4J/defects4j/framework/bin/d4j/d4j-test line 134.\nCompilation failed in require at /home/balfroim/Documents/Defect4J/defects4j/framework/bin/defects4j line 195.\n\n"}}, {"failing_test": {"className": " org.apache.commons.lang.StringEscapeUtilsTest", "methodName": "testEscapeJavaWithSlash", "error": "junit.framework.ComparisonFailure", "message": "expected:<...tring with a slash ([]/) in it> but was:<...tring with a slash ([\\]/) in it>"}, "patched_method": {"file_path": "/src/java/org/apache/commons/lang/StringEscapeUtils.java", "method_name": "escapeJavaStyleString", "content": "    /**\n     * <p>Worker method for the {@link #escapeJavaScript(String)} method.</p>\n     * \n     * @param str String to escape values in, may be null\n     * @param escapeSingleQuotes escapes single quotes if <code>true</code>\n     * @param escapeForwardSlash TODO\n     * @return the escaped string\n     */\n    private static String escapeJavaStyleString(String str, boolean escapeSingleQuotes) {\n        if (str == null) {\n            return null;\n        }\n        try {\n            StringWriter writer = new StringWriter(str.length() * 2);\n            escapeJavaStyleString(writer, str, escapeSingleQuotes);\n            return writer.toString();\n        } catch (IOException ioe) {\n            // this should never ever happen while writing to a StringWriter\n            ioe.printStackTrace();\n            return null;\n        }\n    }", "javadoc_start_line": 146, "annotations_start_line": 154, "method_start_line": 154, "end_line": 167}, "steps": [], "generation_failure": {"error": "Failed to generate stacktrace", "error_message": "Command failed: defects4j test -w ./projects/Lang/46\nRunning ant (compile.tests)................................................ FAIL\nExecuted command:  cd /home/balfroim/Documents/Shomidacode/script/projects/Lang/46 && /home/balfroim/Documents/Defect4J/defects4j/major/bin/ant -f /home/balfroim/Documents/Defect4J/defects4j/framework/projects/defects4j.build.xml -Dd4j.home=/home/balfroim/Documents/Defect4J/defects4j -Dd4j.dir.projects=/home/balfroim/Documents/Defect4J/defects4j/framework/projects -Dbasedir=/home/balfroim/Documents/Shomidacode/script/projects/Lang/46 -Dbuild.compiler=javac1.7  compile.tests 2>&1\nOpenJDK 64-Bit Server VM warning: ignoring option MaxPermSize=1G; support was removed in 8.0\nBuildfile: /home/balfroim/Documents/Defect4J/defects4j/framework/projects/defects4j.build.xml\n\ninit:\n     [echo] -------- commons-lang 3.0-SNAPSHOT --------\n\nprepare:\n\nstatic:\n\ncompile:\n    [javac] /home/balfroim/Documents/Shomidacode/script/projects/Lang/46/build.xml:65: warning: 'includeantruntime' was not set, defaulting to build.sysclasspath=last; set to false for repeatable builds\n    [javac] Compiling 2 source files to /home/balfroim/Documents/Shomidacode/script/projects/Lang/46/target/classes\n    [javac] warning: [options] bootstrap class path not set in conjunction with -source 1.3\n    [javac] /home/balfroim/Documents/Shomidacode/script/projects/Lang/46/src/java/org/apache/commons/lang/StackTraceRecorder.java:45: error: for-each loops are not supported in -source 1.3\n    [javac]         for (StackTraceElement element : stacktrace) {\n    [javac]                                        ^\n    [javac]   (use -source 5 or higher to enable for-each loops)\n    [javac] 1 error\n    [javac] 1 warning\n\nBUILD FAILED\n/home/balfroim/Documents/Shomidacode/script/projects/Lang/46/build.xml:65: Compile failed; see the compiler error output for details.\n\nTotal time: 0 seconds\nCannot compile test suite! at /home/balfroim/Documents/Defect4J/defects4j/framework/bin/d4j/d4j-test line 134.\nCompilation failed in require at /home/balfroim/Documents/Defect4J/defects4j/framework/bin/defects4j line 195.\n\n"}}], "project": {"name": "Lang", "version": 46}}