{"tours": [{"failing_test": {"className": " org.apache.commons.lang.StringEscapeUtilsTest", "methodName": "testEscapeHtmlHighUnicode", "error": "junit.framework.ComparisonFailure", "message": "High unicode was not escaped correctly expected:<&#[119650];> but was:<&#[55348;&#57186];>"}, "patched_method": {"file_path": "/src/java/org/apache/commons/lang/Entities.java", "method_name": "escape", "content": "    /**\n     * <p>\n     * Escapes the characters in the <code>String</code> passed and writes the result to the <code>Writer</code>\n     * passed.\n     * </p>\n     * \n     * @param writer\n     *            The <code>Writer</code> to write the results of the escaping to. Assumed to be a non-null value.\n     * @param str\n     *            The <code>String</code> to escape. Assumed to be a non-null value.\n     * @throws IOException\n     *             when <code>Writer</code> passed throws the exception from calls to the {@link Writer#write(int)}\n     *             methods.\n     * \n     * @see #escape(String)\n     * @see Writer\n     */\n    public void escape(Writer writer, String str) throws IOException {\n        int len = str.length();\n        for (int i = 0; i < len; i++) {\n            char c = str.charAt(i);\n            String entityName = this.entityName(c);\n            if (entityName == null) {\n                if (c > 0x7F) {\n                    writer.write(\"&#\");\n                    writer.write(Integer.toString(c, 10));\n                    writer.write(';');\n                } else {\n                    writer.write(c);\n                }\n            } else {\n                writer.write('&');\n                writer.write(entityName);\n                writer.write(';');\n            }\n        }\n    }", "javadoc_start_line": 808, "annotations_start_line": 825, "method_start_line": 825, "end_line": 844}, "steps": [], "generation_failure": {"error": "Failed to generate stacktrace", "error_message": "Command failed: defects4j test -w ./projects/Lang/42\nRunning ant (compile.tests)................................................ FAIL\nExecuted command:  cd /home/balfroim/Documents/Shomidacode/script/projects/Lang/42 && /home/balfroim/Documents/Defect4J/defects4j/major/bin/ant -f /home/balfroim/Documents/Defect4J/defects4j/framework/projects/defects4j.build.xml -Dd4j.home=/home/balfroim/Documents/Defect4J/defects4j -Dd4j.dir.projects=/home/balfroim/Documents/Defect4J/defects4j/framework/projects -Dbasedir=/home/balfroim/Documents/Shomidacode/script/projects/Lang/42 -Dbuild.compiler=javac1.7  compile.tests 2>&1\nOpenJDK 64-Bit Server VM warning: ignoring option MaxPermSize=1G; support was removed in 8.0\nBuildfile: /home/balfroim/Documents/Defect4J/defects4j/framework/projects/defects4j.build.xml\n\ninit:\n     [echo] -------- commons-lang 3.0-SNAPSHOT --------\n\nprepare:\n    [mkdir] Created dir: /home/balfroim/Documents/Shomidacode/script/projects/Lang/42/target/conf\n    [mkdir] Created dir: /home/balfroim/Documents/Shomidacode/script/projects/Lang/42/target/tests\n\nstatic:\n     [copy] Copying 1 file to /home/balfroim/Documents/Shomidacode/script/projects/Lang/42/target/conf\n\ncompile:\n    [javac] /home/balfroim/Documents/Shomidacode/script/projects/Lang/42/build.xml:65: warning: 'includeantruntime' was not set, defaulting to build.sysclasspath=last; set to false for repeatable builds\n    [javac] Compiling 2 source files to /home/balfroim/Documents/Shomidacode/script/projects/Lang/42/target/classes\n    [javac] warning: [options] bootstrap class path not set in conjunction with -source 1.3\n    [javac] /home/balfroim/Documents/Shomidacode/script/projects/Lang/42/src/java/org/apache/commons/lang/StackTraceRecorder.java:45: error: for-each loops are not supported in -source 1.3\n    [javac]         for (StackTraceElement element : stacktrace) {\n    [javac]                                        ^\n    [javac]   (use -source 5 or higher to enable for-each loops)\n    [javac] 1 error\n    [javac] 1 warning\n\nBUILD FAILED\n/home/balfroim/Documents/Shomidacode/script/projects/Lang/42/build.xml:65: Compile failed; see the compiler error output for details.\n\nTotal time: 0 seconds\nCannot compile test suite! at /home/balfroim/Documents/Defect4J/defects4j/framework/bin/d4j/d4j-test line 134.\nCompilation failed in require at /home/balfroim/Documents/Defect4J/defects4j/framework/bin/defects4j line 195.\n\n"}}], "project": {"name": "Lang", "version": 42}}