{"tours": [{"failing_test": {"className": " org.apache.commons.lang.math.FractionTest", "methodName": "testReduce", "error": "junit.framework.AssertionFailedError", "message": "expected:<1> but was:<100>"}, "patched_method": {"file_path": "/src/java/org/apache/commons/lang/math/Fraction.java", "method_name": "reduce", "content": "    /**\n     * <p>Reduce the fraction to the smallest values for the numerator and\n     * denominator, returning the result.</p>\n     * \n     * <p>For example, if this fraction represents 2/4, then the result\n     * will be 1/2.</p>\n     *\n     * @return a new reduced fraction instance, or this if no simplification possible\n     */\n    public Fraction reduce() {\n        int gcd = greatestCommonDivisor(Math.abs(numerator), denominator);\n        if (gcd == 1) {\n            return this;\n        }\n        return Fraction.getFraction(numerator / gcd, denominator / gcd);\n    }", "javadoc_start_line": 456, "annotations_start_line": 465, "method_start_line": 465, "end_line": 471}, "steps": [], "generation_failure": {"error": "Failed to generate stacktrace", "error_message": "Command failed: defects4j test -w ./projects/Lang/49\nRunning ant (compile.tests)................................................ FAIL\nExecuted command:  cd /home/balfroim/Documents/Shomidacode/script/projects/Lang/49 && /home/balfroim/Documents/Defect4J/defects4j/major/bin/ant -f /home/balfroim/Documents/Defect4J/defects4j/framework/projects/defects4j.build.xml -Dd4j.home=/home/balfroim/Documents/Defect4J/defects4j -Dd4j.dir.projects=/home/balfroim/Documents/Defect4J/defects4j/framework/projects -Dbasedir=/home/balfroim/Documents/Shomidacode/script/projects/Lang/49 -Dbuild.compiler=javac1.7  compile.tests 2>&1\nOpenJDK 64-Bit Server VM warning: ignoring option MaxPermSize=1G; support was removed in 8.0\nBuildfile: /home/balfroim/Documents/Defect4J/defects4j/framework/projects/defects4j.build.xml\n\ninit:\n     [echo] -------- commons-lang 2.4-SNAPSHOT --------\n\nprepare:\n    [mkdir] Created dir: /home/balfroim/Documents/Shomidacode/script/projects/Lang/49/target/conf\n    [mkdir] Created dir: /home/balfroim/Documents/Shomidacode/script/projects/Lang/49/target/tests\n\nstatic:\n     [copy] Copying 1 file to /home/balfroim/Documents/Shomidacode/script/projects/Lang/49/target/conf\n\ncompile:\n    [javac] /home/balfroim/Documents/Shomidacode/script/projects/Lang/49/build.xml:65: warning: 'includeantruntime' was not set, defaulting to build.sysclasspath=last; set to false for repeatable builds\n    [javac] Compiling 2 source files to /home/balfroim/Documents/Shomidacode/script/projects/Lang/49/target/classes\n    [javac] warning: [options] bootstrap class path not set in conjunction with -source 1.3\n    [javac] /home/balfroim/Documents/Shomidacode/script/projects/Lang/49/src/java/org/apache/commons/lang/math/StackTraceRecorder.java:45: error: for-each loops are not supported in -source 1.3\n    [javac]         for (StackTraceElement element : stacktrace) {\n    [javac]                                        ^\n    [javac]   (use -source 5 or higher to enable for-each loops)\n    [javac] 1 error\n    [javac] 1 warning\n\nBUILD FAILED\n/home/balfroim/Documents/Shomidacode/script/projects/Lang/49/build.xml:65: Compile failed; see the compiler error output for details.\n\nTotal time: 0 seconds\nCannot compile test suite! at /home/balfroim/Documents/Defect4J/defects4j/framework/bin/d4j/d4j-test line 134.\nCompilation failed in require at /home/balfroim/Documents/Defect4J/defects4j/framework/bin/defects4j line 195.\n\n"}}], "project": {"name": "Lang", "version": 49}}