{"tours": [{"failing_test": {"className": " org.apache.commons.lang.StringEscapeUtilsTest", "methodName": "testEscapeJavaScript", "error": "junit.framework.ComparisonFailure", "message": "expected:<...ipt>alert(\\'aaa\\');<[\\]/script>\\';> but was:<...ipt>alert(\\'aaa\\');<[]/script>\\';>"}, "patched_method": {"file_path": "/src/java/org/apache/commons/lang/StringEscapeUtils.java", "method_name": "escapeJavaStyleString", "content": "    /**\n     * <p>Worker method for the {@link #escapeJavaScript(String)} method.</p>\n     * \n     * @param out write to receieve the escaped string\n     * @param str String to escape values in, may be null\n     * @param escapeSingleQuote escapes single quotes if <code>true</code>\n     * @throws IOException if an IOException occurs\n     */\n    private static void escapeJavaStyleString(Writer out, String str, boolean escapeSingleQuote) throws IOException {\n        if (out == null) {\n            throw new IllegalArgumentException(\"The Writer must not be null\");\n        }\n        if (str == null) {\n            return;\n        }\n        int sz;\n        sz = str.length();\n        for (int i = 0; i < sz; i++) {\n            char ch = str.charAt(i);\n\n            // handle unicode\n            if (ch > 0xfff) {\n                out.write(\"\\\\u\" + hex(ch));\n            } else if (ch > 0xff) {\n                out.write(\"\\\\u0\" + hex(ch));\n            } else if (ch > 0x7f) {\n                out.write(\"\\\\u00\" + hex(ch));\n            } else if (ch < 32) {\n                switch (ch) {\n                    case '\\b':\n                        out.write('\\\\');\n                        out.write('b');\n                        break;\n                    case '\\n':\n                        out.write('\\\\');\n                        out.write('n');\n                        break;\n                    case '\\t':\n                        out.write('\\\\');\n                        out.write('t');\n                        break;\n                    case '\\f':\n                        out.write('\\\\');\n                        out.write('f');\n                        break;\n                    case '\\r':\n                        out.write('\\\\');\n                        out.write('r');\n                        break;\n                    default :\n                        if (ch > 0xf) {\n                            out.write(\"\\\\u00\" + hex(ch));\n                        } else {\n                            out.write(\"\\\\u000\" + hex(ch));\n                        }\n                        break;\n                }\n            } else {\n                switch (ch) {\n                    case '\\'':\n                        if (escapeSingleQuote) {\n                          out.write('\\\\');\n                        }\n                        out.write('\\'');\n                        break;\n                    case '\"':\n                        out.write('\\\\');\n                        out.write('\"');\n                        break;\n                    case '\\\\':\n                        out.write('\\\\');\n                        out.write('\\\\');\n                        break;\n                    default :\n                        out.write(ch);\n                        break;\n                }\n            }\n        }\n    }", "javadoc_start_line": 163, "annotations_start_line": 171, "method_start_line": 171, "end_line": 242}, "steps": [], "generation_failure": {"error": "Failed to generate stacktrace", "error_message": "Command failed: defects4j test -w ./projects/Lang/52\nRunning ant (compile.tests)................................................ FAIL\nExecuted command:  cd /home/balfroim/Documents/Shomidacode/script/projects/Lang/52 && /home/balfroim/Documents/Defect4J/defects4j/major/bin/ant -f /home/balfroim/Documents/Defect4J/defects4j/framework/projects/defects4j.build.xml -Dd4j.home=/home/balfroim/Documents/Defect4J/defects4j -Dd4j.dir.projects=/home/balfroim/Documents/Defect4J/defects4j/framework/projects -Dbasedir=/home/balfroim/Documents/Shomidacode/script/projects/Lang/52 -Dbuild.compiler=javac1.7  compile.tests 2>&1\nOpenJDK 64-Bit Server VM warning: ignoring option MaxPermSize=1G; support was removed in 8.0\nBuildfile: /home/balfroim/Documents/Defect4J/defects4j/framework/projects/defects4j.build.xml\n\ninit:\n     [echo] -------- commons-lang 2.4-SNAPSHOT --------\n\nprepare:\n    [mkdir] Created dir: /home/balfroim/Documents/Shomidacode/script/projects/Lang/52/target/conf\n    [mkdir] Created dir: /home/balfroim/Documents/Shomidacode/script/projects/Lang/52/target/tests\n\nstatic:\n     [copy] Copying 1 file to /home/balfroim/Documents/Shomidacode/script/projects/Lang/52/target/conf\n\ncompile:\n    [javac] /home/balfroim/Documents/Shomidacode/script/projects/Lang/52/build.xml:65: warning: 'includeantruntime' was not set, defaulting to build.sysclasspath=last; set to false for repeatable builds\n    [javac] Compiling 2 source files to /home/balfroim/Documents/Shomidacode/script/projects/Lang/52/target/classes\n    [javac] warning: [options] bootstrap class path not set in conjunction with -source 1.3\n    [javac] /home/balfroim/Documents/Shomidacode/script/projects/Lang/52/src/java/org/apache/commons/lang/StackTraceRecorder.java:45: error: for-each loops are not supported in -source 1.3\n    [javac]         for (StackTraceElement element : stacktrace) {\n    [javac]                                        ^\n    [javac]   (use -source 5 or higher to enable for-each loops)\n    [javac] 1 error\n    [javac] 1 warning\n\nBUILD FAILED\n/home/balfroim/Documents/Shomidacode/script/projects/Lang/52/build.xml:65: Compile failed; see the compiler error output for details.\n\nTotal time: 0 seconds\nCannot compile test suite! at /home/balfroim/Documents/Defect4J/defects4j/framework/bin/d4j/d4j-test line 134.\nCompilation failed in require at /home/balfroim/Documents/Defect4J/defects4j/framework/bin/defects4j line 195.\n\n"}}], "project": {"name": "Lang", "version": 52}}