{"tours": [{"failing_test": {"className": " org.apache.commons.lang.text.StrBuilderTest", "methodName": "testLang295", "error": "junit.framework.AssertionFailedError", "message": "The contains(char) method is looking beyond the end of the string"}, "patched_method": {"file_path": "/src/java/org/apache/commons/lang/text/StrBuilder.java", "method_name": "indexOf", "content": "    /**\n     * Searches the string builder to find the first reference to the specified char.\n     * \n     * @param ch  the character to find\n     * @param startIndex  the index to start at, invalid index rounded to edge\n     * @return the first index of the character, or -1 if not found\n     */\n    public int indexOf(char ch, int startIndex) {\n        startIndex = (startIndex < 0 ? 0 : startIndex);\n        if (startIndex >= size) {\n            return -1;\n        }\n        char[] thisBuf = buffer;\n        for (int i = startIndex; i < thisBuf.length; i++) {\n            if (thisBuf[i] == ch) {\n                return i;\n            }\n        }\n        return -1;\n    }", "javadoc_start_line": 1717, "annotations_start_line": 1724, "method_start_line": 1724, "end_line": 1736}, "steps": [], "generation_failure": {"error": "Failed to generate stacktrace", "error_message": "Command failed: defects4j test -w ./projects/Lang/60\nRunning ant (compile.tests)................................................ FAIL\nExecuted command:  cd /home/balfroim/Documents/Shomidacode/script/projects/Lang/60 && /home/balfroim/Documents/Defect4J/defects4j/major/bin/ant -f /home/balfroim/Documents/Defect4J/defects4j/framework/projects/defects4j.build.xml -Dd4j.home=/home/balfroim/Documents/Defect4J/defects4j -Dd4j.dir.projects=/home/balfroim/Documents/Defect4J/defects4j/framework/projects -Dbasedir=/home/balfroim/Documents/Shomidacode/script/projects/Lang/60 -Dbuild.compiler=javac1.7  compile.tests 2>&1\nOpenJDK 64-Bit Server VM warning: ignoring option MaxPermSize=1G; support was removed in 8.0\nBuildfile: /home/balfroim/Documents/Defect4J/defects4j/framework/projects/defects4j.build.xml\n\ninit:\n     [echo] -------- commons-lang 2.3-SNAPSHOT --------\n\nprepare:\n\nstatic:\n\ncompile:\n    [javac] /home/balfroim/Documents/Shomidacode/script/projects/Lang/60/build.xml:65: warning: 'includeantruntime' was not set, defaulting to build.sysclasspath=last; set to false for repeatable builds\n    [javac] Compiling 2 source files to /home/balfroim/Documents/Shomidacode/script/projects/Lang/60/target/classes\n    [javac] warning: [options] bootstrap class path not set in conjunction with -source 1.3\n    [javac] /home/balfroim/Documents/Shomidacode/script/projects/Lang/60/src/java/org/apache/commons/lang/text/StackTraceRecorder.java:45: error: for-each loops are not supported in -source 1.3\n    [javac]         for (StackTraceElement element : stacktrace) {\n    [javac]                                        ^\n    [javac]   (use -source 5 or higher to enable for-each loops)\n    [javac] 1 error\n    [javac] 1 warning\n\nBUILD FAILED\n/home/balfroim/Documents/Shomidacode/script/projects/Lang/60/build.xml:65: Compile failed; see the compiler error output for details.\n\nTotal time: 0 seconds\nCannot compile test suite! at /home/balfroim/Documents/Defect4J/defects4j/framework/bin/d4j/d4j-test line 134.\nCompilation failed in require at /home/balfroim/Documents/Defect4J/defects4j/framework/bin/defects4j line 195.\n\n"}}, {"failing_test": {"className": " org.apache.commons.lang.text.StrBuilderTest", "methodName": "testLang295", "error": "junit.framework.AssertionFailedError", "message": "The contains(char) method is looking beyond the end of the string"}, "patched_method": {"file_path": "/src/java/org/apache/commons/lang/text/StrBuilder.java", "method_name": "contains", "content": "    /**\n     * Checks if the string builder contains the specified char.\n     *\n     * @param ch  the character to find\n     * @return true if the builder contains the character\n     */\n    public boolean contains(char ch) {\n        char[] thisBuf = buffer;\n        for (int i = 0; i < thisBuf.length; i++) {\n            if (thisBuf[i] == ch) {\n                return true;\n            }\n        }\n        return false;\n    }", "javadoc_start_line": 1665, "annotations_start_line": 1671, "method_start_line": 1671, "end_line": 1679}, "steps": [], "generation_failure": {"error": "Failed to generate stacktrace", "error_message": "Command failed: defects4j test -w ./projects/Lang/60\nRunning ant (compile.tests)................................................ FAIL\nExecuted command:  cd /home/balfroim/Documents/Shomidacode/script/projects/Lang/60 && /home/balfroim/Documents/Defect4J/defects4j/major/bin/ant -f /home/balfroim/Documents/Defect4J/defects4j/framework/projects/defects4j.build.xml -Dd4j.home=/home/balfroim/Documents/Defect4J/defects4j -Dd4j.dir.projects=/home/balfroim/Documents/Defect4J/defects4j/framework/projects -Dbasedir=/home/balfroim/Documents/Shomidacode/script/projects/Lang/60 -Dbuild.compiler=javac1.7  compile.tests 2>&1\nOpenJDK 64-Bit Server VM warning: ignoring option MaxPermSize=1G; support was removed in 8.0\nBuildfile: /home/balfroim/Documents/Defect4J/defects4j/framework/projects/defects4j.build.xml\n\ninit:\n     [echo] -------- commons-lang 2.3-SNAPSHOT --------\n\nprepare:\n\nstatic:\n\ncompile:\n    [javac] /home/balfroim/Documents/Shomidacode/script/projects/Lang/60/build.xml:65: warning: 'includeantruntime' was not set, defaulting to build.sysclasspath=last; set to false for repeatable builds\n    [javac] Compiling 2 source files to /home/balfroim/Documents/Shomidacode/script/projects/Lang/60/target/classes\n    [javac] warning: [options] bootstrap class path not set in conjunction with -source 1.3\n    [javac] /home/balfroim/Documents/Shomidacode/script/projects/Lang/60/src/java/org/apache/commons/lang/text/StackTraceRecorder.java:45: error: for-each loops are not supported in -source 1.3\n    [javac]         for (StackTraceElement element : stacktrace) {\n    [javac]                                        ^\n    [javac]   (use -source 5 or higher to enable for-each loops)\n    [javac] 1 error\n    [javac] 1 warning\n\nBUILD FAILED\n/home/balfroim/Documents/Shomidacode/script/projects/Lang/60/build.xml:65: Compile failed; see the compiler error output for details.\n\nTotal time: 0 seconds\nCannot compile test suite! at /home/balfroim/Documents/Defect4J/defects4j/framework/bin/d4j/d4j-test line 134.\nCompilation failed in require at /home/balfroim/Documents/Defect4J/defects4j/framework/bin/defects4j line 195.\n\n"}}], "project": {"name": "Lang", "version": 60}}